<?xml version="1.0" encoding="UTF-8"?>
<!-- Generated by org.testng.reporters.JUnitReportReporter -->
<testsuite skipped="0" hostname="Zainab-PC" name="com.testNG.testNG" tests="1" failures="0" timestamp="2020-03-11T13:49:39 EDT" time="26.713" errors="0">
  <testcase name="runLogin" time="26.713" classname="com.testNG.testNG"/>
  <system-out/>
</testsuite> <!-- com.testNG.testNG -->
